Importer Log Report
Project : Adafruit Feather M0 Basic rev C.PrjPcb

Section : Analyze Document - Z:\designs\Working_Designs\FR1225_Job2957_0-500ma led constant current source\elec_feather\eagle_adfruit\Adafruit Feather M0 Basic rev C.brd
    Analyzing data of Z:\designs\Working_Designs\FR1225_Job2957_0-500ma led constant current source\elec_feather\eagle_adfruit\Adafruit Feather M0 Basic rev C.brd
    Load settings
    Load layers 143
    Load Library "microbuilder"
    Load Packages 16
    Load Library "adafruit"
    Load Packages 1
    Load Library "adafruit2"
    Load Packages 1
EndSection

Section : Analyze Document - Z:\designs\Working_Designs\FR1225_Job2957_0-500ma led constant current source\elec_feather\eagle_adfruit\Adafruit Feather M0 Basic rev C.sch
    Analyzing data of Z:\designs\Working_Designs\FR1225_Job2957_0-500ma led constant current source\elec_feather\eagle_adfruit\Adafruit Feather M0 Basic rev C.sch
    Load settings
    Load layers 133
    Load schematic
    Load Libraries 4
    Load Library "microbuilder"
    Load Packages 71
    Load Symbols 19
    Load DeviceSets 18
    Load Library "supply1"
    Load Packages 0
    Load Symbols 2
    Load DeviceSets 2
    Load Library "adafruit"
    Load Packages 2
    Load Symbols 1
    Load DeviceSets 1
    Load Library "adafruit2"
    Load Packages 3
    Load Symbols 1
    Load DeviceSets 1
    Load Attributes 3
    Load Classes 1
    Load Parts 66
    Load Sheets 1
    ERROR: Unhandled typeerrors
EndSection
