Importer Log Report
Project : sparkfun-samd21-mini-breakout.PrjPcb

Section : Analyze Document - Z:\designs\Working_Designs\FR1225_Job2957_0-500ma led constant current source\elec_feather\sparkfun_eagle\Hardware\samd21-temp.lbr
    Analyzing data of Z:\designs\Working_Designs\FR1225_Job2957_0-500ma led constant current source\elec_feather\sparkfun_eagle\Hardware\samd21-temp.lbr
    Load settings
    Load layers 137
    Load Library library
    Load Library ""
    Load Packages 31
    Load Symbols 5
    Load DeviceSets 5
EndSection

Section : Analyze Document - Z:\designs\Working_Designs\FR1225_Job2957_0-500ma led constant current source\elec_feather\sparkfun_eagle\Hardware\sparkfun-samd21-mini-breakout.brd
    Analyzing data of Z:\designs\Working_Designs\FR1225_Job2957_0-500ma led constant current source\elec_feather\sparkfun_eagle\Hardware\sparkfun-samd21-mini-breakout.brd
    Load settings
    Load layers 141
    Load Library "SparkFun-Connectors"
    Load Packages 3
    Load Library "SparkFun-Aesthetics"
    Load Packages 5
    Load Library "samd21-temp"
    Load Packages 5
    Load Library "SparkFun-Capacitors"
    Load Packages 3
    Load Library "SparkFun-Resistors"
    Load Packages 1
    Load Library "SparkFun-Passives"
    Load Packages 2
    Load Library "SparkFun-PowerIC"
    Load Packages 2
    Load Library "SparkFun-DiscreteSemi"
    Load Packages 2
    Load Library "SparkFun-LED"
    Load Packages 1
    Load Library "SparkFun-DigitalIC"
    Load Packages 1
    ERROR: Unhandled typeerrors
EndSection

Section : Analyze Document - Z:\designs\Working_Designs\FR1225_Job2957_0-500ma led constant current source\elec_feather\sparkfun_eagle\Hardware\sparkfun-samd21-mini-breakout.sch
    Analyzing data of Z:\designs\Working_Designs\FR1225_Job2957_0-500ma led constant current source\elec_feather\sparkfun_eagle\Hardware\sparkfun-samd21-mini-breakout.sch
    Load settings
    Load layers 141
    Load schematic
    Load Libraries 10
    Load Library "SparkFun-Connectors"
    Load Packages 35
    Load Symbols 3
    Load DeviceSets 3
    Load Library "SparkFun-Aesthetics"
    Load Packages 37
    Load Symbols 9
    Load DeviceSets 8
    Load Library "samd21-temp"
    Load Packages 31
    Load Symbols 5
    Load DeviceSets 5
    Load Library "SparkFun-Capacitors"
    Load Packages 3
    Load Symbols 1
    Load DeviceSets 3
    Load Library "SparkFun-Resistors"
    Load Packages 1
    Load Symbols 1
    Load DeviceSets 4
    Load Library "SparkFun-Passives"
    Load Packages 29
    Load Symbols 2
    Load DeviceSets 2
    Load Library "SparkFun-PowerIC"
    Load Packages 5
    Load Symbols 2
    Load DeviceSets 2
    Load Library "SparkFun-DiscreteSemi"
    Load Packages 8
    Load Symbols 2
    Load DeviceSets 2
    Load Library "SparkFun-LED"
    Load Packages 4
    Load Symbols 1
    Load DeviceSets 4
    Load Library "SparkFun-DigitalIC"
    Load Packages 1
    Load Symbols 1
    Load DeviceSets 1
    Load Attributes 0
    Load Classes 1
    Load Parts 72
    Load Sheets 1
EndSection
