Removed Pin From Net: NetName=VBAT Pin=C3-1
Removed Pin From Net: NetName=GND Pin=C3-2
Removed Pin From Net: NetName=VBUS Pin=CHG-A
Removed Pin From Net: NetName=VBAT Pin=R3-1
Removed Pin From Net: NetName=D9 Pin=R3-2
Removed Pin From Net: NetName=D9 Pin=R6-1
Removed Pin From Net: NetName=GND Pin=R6-2
Removed Pin From Net: NetName=GND Pin=R8-2
Removed Pin From Net: NetName=GND Pin=U3-2
Removed Pin From Net: NetName=VBAT Pin=U3-3
Removed Pin From Net: NetName=VBUS Pin=U3-4
Removed Pin From Net: NetName=GND Pin=X1-1
Removed Pin From Net: NetName=VBAT Pin=X1-2
Removed Member From Class: ClassName=Adafruit Feather M0 Basic rev C Member=C3
Removed Member From Class: ClassName=Adafruit Feather M0 Basic rev C Member=CHG
Removed Member From Class: ClassName=Adafruit Feather M0 Basic rev C Member=R2
Removed Member From Class: ClassName=Adafruit Feather M0 Basic rev C Member=R3
Removed Member From Class: ClassName=Adafruit Feather M0 Basic rev C Member=R6
Removed Member From Class: ClassName=Adafruit Feather M0 Basic rev C Member=R8
Removed Member From Class: ClassName=Adafruit Feather M0 Basic rev C Member=U3
Removed Member From Class: ClassName=Adafruit Feather M0 Basic rev C Member=X1
